2025/04/09 12:59:22 node: 0 run as follower in term 0
2025/04/09 12:59:22 node: 1 run as follower in term 0
2025/04/09 12:59:22 node: 2 run as follower in term 0
2025/04/09 12:59:22 node: 4 run as follower in term 0
2025/04/09 12:59:22 node: 3 run as follower in term 0
Test (3A): multiple elections (reliable network)...
2025/04/09 12:59:22 node: 6 run as follower in term 0
2025/04/09 12:59:22 node: 5 run as follower in term 0
2025/04/09 12:59:23 node: 3 timeout
2025/04/09 12:59:23 node: 3 convert to candidate
2025/04/09 12:59:23 node: 3 run as candidate in term 1
2025/04/09 12:59:23 node: 3 read unlock in start election in term 1
2025/04/09 12:59:23 node: 3 send request vote to node  6 in term 1
2025/04/09 12:59:23 node: 3 send request vote to node  2 in term 1
msg send
2025/04/09 12:59:23 node: 3 send request vote to node  4 in term 1
msg send
msg send
2025/04/09 12:59:23 node: 3 send request vote to node  1 in term 1
msg send
req recive
2025/04/09 12:59:23 node: 3 send request vote to node  0 in term 1
msg send
2025/04/09 12:59:23 node: 3 receive request vote reply from node  4 : VoteGranted : true , reply term : 1
2025/04/09 12:59:23 node: 3 get 2 vote 
req recive
req recive
req recive
2025/04/09 12:59:23 node: 3 receive request vote reply from node  6 : VoteGranted : true , reply term : 1
2025/04/09 12:59:23 node: 3 get 3 vote 
req recive
2025/04/09 12:59:23 node: 3 send request vote to node  5 in term 1
2025/04/09 12:59:23 node: 3 receive request vote reply from node  0 : VoteGranted : true , reply term : 1
2025/04/09 12:59:23 node: 3 get 4 vote 
2025/04/09 12:59:23 node: 3 convert to leader
2025/04/09 12:59:23 node: 3 run as leader in term 1
msg send
2025/04/09 12:59:23 node 3 start send heartbeats with term 1 
2025/04/09 12:59:23 node: 3 receive request vote reply from node  1 : VoteGranted : true , reply term : 1
2025/04/09 12:59:23 node 3 try send append to node 6 with term 1
req recive
2025/04/09 12:59:23 node 3 try send append to node 0 with term 1
msg send
2025/04/09 12:59:23 node 3 try send append to node 1 with term 1
msg send
msg send
2025/04/09 12:59:23 node 3 try send append to node 2 with term 1
2025/04/09 12:59:23 node 6 recive append from node 3 , term : 1 
msg send
req recive
2025/04/09 12:59:23 node 1 recive append from node 3 , term : 1 
2025/04/09 12:59:23 node 3 send append to node 6 with term before lock1
 
2025/04/09 12:59:23 node 3 send append to node 6 with term 1
req recive
2025/04/09 12:59:23 node 3 try send append to node 4 with term 1
2025/04/09 12:59:23 node 2 recive append from node 3 , term : 1 
2025/04/09 12:59:23 node 0 recive append from node 3 , term : 1 
req recive
req recive
2025/04/09 12:59:23 node 3 send append to node 1 with term before lock1
 
2025/04/09 12:59:23 node 3 send append to node 1 with term 1
2025/04/09 12:59:23 node 3 try send append to node 5 with term 1
2025/04/09 12:59:23 node 3 send append to node 2 with term before lock1
 
2025/04/09 12:59:23 node 3 send append to node 2 with term 1
msg send
2025/04/09 12:59:23 node 4 recive append from node 3 , term : 1 
msg send
req recive
2025/04/09 12:59:23 node 3 send append to node 0 with term before lock1
 
2025/04/09 12:59:23 node 3 send append to node 0 with term 1
2025/04/09 12:59:23 node: 3 receive request vote reply from node  2 : VoteGranted : true , reply term : 1
2025/04/09 12:59:23 node 3 send append to node 4 with term before lock1
 
2025/04/09 12:59:23 node: 3 receive request vote reply from node  5 : VoteGranted : true , reply term : 1
2025/04/09 12:59:23 node 3 send append to node 4 with term 1
2025/04/09 12:59:23 node 5 recive append from node 3 , term : 1 
req recive
2025/04/09 12:59:23 node 3 send append to node 5 with term before lock1
 
2025/04/09 12:59:23 node 3 send append to node 5 with term 1
2025/04/09 12:59:23  node 4 6 4 disconnect
2025/04/09 12:59:23 node 3 try send append to node 6 with term 1
2025/04/09 12:59:23 node 3 try send append to node 0 with term 1
msg send
2025/04/09 12:59:23 node 3 try send append to node 1 with term 1
2025/04/09 12:59:23 node 3 try send append to node 4 with term 1
msg send
msg send
2025/04/09 12:59:23 node 3 try send append to node 2 with term 1
msg send
msg send
2025/04/09 12:59:23 node 1 recive append from node 3 , term : 1 
2025/04/09 12:59:23 node 3 try send append to node 5 with term 1
req recive
msg send
2025/04/09 12:59:23 node 3 send append to node 1 with term before lock1
 
2025/04/09 12:59:23 node 3 send append to node 1 with term 1
2025/04/09 12:59:23 node 0 recive append from node 3 , term : 1 
req recive
2025/04/09 12:59:23 node 2 recive append from node 3 , term : 1 
req recive
2025/04/09 12:59:23 node 5 recive append from node 3 , term : 1 
2025/04/09 12:59:23 node 3 send append to node 0 with term before lock1
 
2025/04/09 12:59:23 node 3 send append to node 0 with term 1
req recive
2025/04/09 12:59:23 node 3 send append to node 2 with term before lock1
 
2025/04/09 12:59:23 node 3 send append to node 2 with term 1
2025/04/09 12:59:23 node 3 send append to node 5 with term before lock1
 
2025/04/09 12:59:23 node 3 send append to node 5 with term 1
2025/04/09 12:59:23 node 3 try send append to node 1 with term 1
msg send
2025/04/09 12:59:23 node 1 recive append from node 3 , term : 1 
req recive
2025/04/09 12:59:23 node 3 try send append to node 0 with term 1
2025/04/09 12:59:23 node 3 send append to node 1 with term before lock1
 
2025/04/09 12:59:23 node 3 send append to node 1 with term 1
2025/04/09 12:59:23 node 3 try send append to node 2 with term 1
msg send
2025/04/09 12:59:23 node 3 try send append to node 5 with term 1
msg send
msg send
2025/04/09 12:59:23 node 0 recive append from node 3 , term : 1 
req recive
2025/04/09 12:59:23 node 2 recive append from node 3 , term : 1 
2025/04/09 12:59:23 node 3 send append to node 0 with term before lock1
 
2025/04/09 12:59:23 node 5 recive append from node 3 , term : 1 
req recive
2025/04/09 12:59:23 node 3 send append to node 0 with term 1
2025/04/09 12:59:23 node 3 send append to node 2 with term before lock1
 
req recive
2025/04/09 12:59:23 node 3 send append to node 2 with term 1
2025/04/09 12:59:23 node 3 send append to node 5 with term before lock1
 
2025/04/09 12:59:23 node 3 send append to node 5 with term 1
2025/04/09 12:59:23 node 3 try send append to node 0 with term 1
msg send
2025/04/09 12:59:23 node 3 try send append to node 5 with term 1
msg send
2025/04/09 12:59:23 node 0 recive append from node 3 , term : 1 
req recive
2025/04/09 12:59:23 node 3 try send append to node 2 with term 1
2025/04/09 12:59:23 node 3 send append to node 0 with term before lock1
 
2025/04/09 12:59:23 node 3 send append to node 0 with term 1
msg send
2025/04/09 12:59:23 node 3 try send append to node 1 with term 1
msg send
2025/04/09 12:59:23 node 5 recive append from node 3 , term : 1 
2025/04/09 12:59:23 node 1 recive append from node 3 , term : 1 
req recive
req recive
2025/04/09 12:59:23 node 2 recive append from node 3 , term : 1 
req recive
2025/04/09 12:59:23 node 3 send append to node 1 with term before lock1
 
2025/04/09 12:59:23 node 3 send append to node 1 with term 1
2025/04/09 12:59:23 node 3 send append to node 5 with term before lock1
 
2025/04/09 12:59:23 node 3 send append to node 5 with term 1
2025/04/09 12:59:23 node 3 send append to node 2 with term before lock1
 
2025/04/09 12:59:23 node 3 send append to node 2 with term 1
2025/04/09 12:59:23 node 3 try send append to node 2 with term 1
2025/04/09 12:59:23 node 3 try send append to node 0 with term 1
msg send
2025/04/09 12:59:23 node 3 try send append to node 5 with term 1
msg send
msg send
2025/04/09 12:59:23 node 3 try send append to node 1 with term 1
msg send
2025/04/09 12:59:23 node 0 recive append from node 3 , term : 1 
req recive
2025/04/09 12:59:23 node 5 recive append from node 3 , term : 1 
2025/04/09 12:59:23 node 3 send append to node 0 with term before lock1
 
req recive
2025/04/09 12:59:23 node 3 send append to node 0 with term 1
2025/04/09 12:59:23 node 2 recive append from node 3 , term : 1 
req recive
2025/04/09 12:59:23 node 1 recive append from node 3 , term : 1 
2025/04/09 12:59:23 node 3 send append to node 5 with term before lock1
 
req recive
2025/04/09 12:59:23 node 3 send append to node 5 with term 1
2025/04/09 12:59:23 node 3 send append to node 2 with term before lock1
 
2025/04/09 12:59:23 node 3 send append to node 2 with term 1
2025/04/09 12:59:23 node 3 send append to node 1 with term before lock1
 
2025/04/09 12:59:23 node 3 send append to node 1 with term 1
2025/04/09 12:59:23  node 4 6 4 connect
2025/04/09 12:59:23  node 5 0 0 disconnect
2025/04/09 12:59:23 node: 6 timeout
2025/04/09 12:59:23 node: 6 convert to candidate
2025/04/09 12:59:23 node: 6 run as candidate in term 2
2025/04/09 12:59:23 node: 6 read unlock in start election in term 2
2025/04/09 12:59:23 node: 6 send request vote to node  5 in term 2
2025/04/09 12:59:23 node: 6 send request vote to node  3 in term 2
msg send
msg send
2025/04/09 12:59:23 node: 6 send request vote to node  2 in term 2
msg send
2025/04/09 12:59:23 node: 6 send request vote to node  0 in term 2
msg send
2025/04/09 12:59:23 node: 3 convert to follower
req recive
2025/04/09 12:59:23 node: 6 send request vote to node  1 in term 2
req recive
msg send
2025/04/09 12:59:23 node: 3 run as follower in term 2
2025/04/09 12:59:23 node: 6 receive request vote reply from node  2 : VoteGranted : true , reply term : 2
2025/04/09 12:59:23 node: 6 get 2 vote 
2025/04/09 12:59:23 node: 6 send request vote to node  4 in term 2
2025/04/09 12:59:23 node: 6 receive request vote reply from node  3 : VoteGranted : true , reply term : 2
2025/04/09 12:59:23 node: 6 get 3 vote 
msg send
req recive
req recive
2025/04/09 12:59:23 node: 6 receive request vote reply from node  1 : VoteGranted : true , reply term : 2
2025/04/09 12:59:23 node: 6 get 4 vote 
2025/04/09 12:59:23 node: 6 convert to leader
2025/04/09 12:59:23 node: 6 run as leader in term 2
2025/04/09 12:59:23 node 6 start send heartbeats with term 2 
2025/04/09 12:59:23 node 6 try send append to node 0 with term 2
2025/04/09 12:59:23 node 6 try send append to node 5 with term 2
msg send
2025/04/09 12:59:23 node 6 try send append to node 4 with term 2
2025/04/09 12:59:23 node 6 try send append to node 2 with term 2
msg send
msg send
2025/04/09 12:59:23 node 6 try send append to node 1 with term 2
msg send
2025/04/09 12:59:23 node 6 try send append to node 3 with term 2
msg send
2025/04/09 12:59:23 node 4 recive append from node 6 , term : 2 
req recive
msg send
2025/04/09 12:59:23 node 2 recive append from node 6 , term : 2 
req recive
2025/04/09 12:59:23 node 6 send append to node 4 with term before lock2
 
2025/04/09 12:59:23 node 6 send append to node 4 with term 2
2025/04/09 12:59:23 node: 6 receive request vote reply from node  4 : VoteGranted : true , reply term : 2
2025/04/09 12:59:23 node 1 recive append from node 6 , term : 2 
2025/04/09 12:59:23 node 6 send append to node 2 with term before lock2
 
2025/04/09 12:59:23 node 6 send append to node 2 with term 2
req recive
2025/04/09 12:59:23 node 3 recive append from node 6 , term : 2 
req recive
2025/04/09 12:59:23 node 6 send append to node 1 with term before lock2
 
2025/04/09 12:59:23 node 6 send append to node 1 with term 2
2025/04/09 12:59:23 node 6 send append to node 3 with term before lock2
 
2025/04/09 12:59:23 node 6 send append to node 3 with term 2
2025/04/09 12:59:23 node 3 start goroutine to send to node 0 shutdown
 
2025/04/09 12:59:23 node 3 start goroutine to send to node 5 shutdown
 
2025/04/09 12:59:23 node 3 start goroutine to send to node 2 shutdown
 
2025/04/09 12:59:23 node 3 start goroutine to send to node 1 shutdown
 
2025/04/09 12:59:23 node 6 try send append to node 2 with term 2
2025/04/09 12:59:23 node 6 try send append to node 1 with term 2
msg send
2025/04/09 12:59:23 node 6 try send append to node 4 with term 2
msg send
2025/04/09 12:59:23 node 6 try send append to node 3 with term 2
msg send
2025/04/09 12:59:23 node 2 recive append from node 6 , term : 2 
req recive
2025/04/09 12:59:23 node 1 recive append from node 6 , term : 2 
msg send
2025/04/09 12:59:23 node 4 recive append from node 6 , term : 2 
req recive
req recive
2025/04/09 12:59:23 node 3 recive append from node 6 , term : 2 
req recive
2025/04/09 12:59:23 node 6 send append to node 4 with term before lock2
 
2025/04/09 12:59:23 node 6 send append to node 4 with term 2
2025/04/09 12:59:23 node 6 send append to node 1 with term before lock2
 
2025/04/09 12:59:23 node 6 send append to node 1 with term 2
2025/04/09 12:59:23 node 6 send append to node 2 with term before lock2
 
2025/04/09 12:59:23 node 6 send append to node 2 with term 2
2025/04/09 12:59:23 node 6 send append to node 3 with term before lock2
 
2025/04/09 12:59:23 node 6 send append to node 3 with term 2
2025/04/09 12:59:23 node 6 try send append to node 3 with term 2
msg send
2025/04/09 12:59:23 node 6 try send append to node 2 with term 2
msg send
2025/04/09 12:59:23 node 6 try send append to node 1 with term 2
2025/04/09 12:59:23 node 3 recive append from node 6 , term : 2 
msg send
2025/04/09 12:59:23 node 6 try send append to node 4 with term 2
req recive
msg send
2025/04/09 12:59:23 node 2 recive append from node 6 , term : 2 
2025/04/09 12:59:23 node 4 recive append from node 6 , term : 2 
req recive
2025/04/09 12:59:23 node 1 recive append from node 6 , term : 2 
req recive
2025/04/09 12:59:23 node 6 send append to node 3 with term before lock2
 
req recive
2025/04/09 12:59:23 node 6 send append to node 3 with term 2
2025/04/09 12:59:23 node 6 send append to node 2 with term before lock2
 
2025/04/09 12:59:23 node 6 send append to node 2 with term 2
2025/04/09 12:59:23 node 6 send append to node 4 with term before lock2
 
2025/04/09 12:59:23 node 6 send append to node 4 with term 2
2025/04/09 12:59:23 node 6 send append to node 1 with term before lock2
 
2025/04/09 12:59:23 node 6 send append to node 1 with term 2
2025/04/09 12:59:24 node 6 try send append to node 4 with term 2
msg send
2025/04/09 12:59:24 node 6 try send append to node 1 with term 2
msg send
2025/04/09 12:59:24 node 6 try send append to node 3 with term 2
msg send
2025/04/09 12:59:24 node 6 try send append to node 2 with term 2
2025/04/09 12:59:24 node 1 recive append from node 6 , term : 2 
msg send
2025/04/09 12:59:24 node 4 recive append from node 6 , term : 2 
req recive
req recive
2025/04/09 12:59:24 node 3 recive append from node 6 , term : 2 
req recive
2025/04/09 12:59:24 node 2 recive append from node 6 , term : 2 
2025/04/09 12:59:24 node 6 send append to node 1 with term before lock2
 
req recive
2025/04/09 12:59:24 node 6 send append to node 1 with term 2
2025/04/09 12:59:24 node 6 send append to node 4 with term before lock2
 
2025/04/09 12:59:24 node 6 send append to node 4 with term 2
2025/04/09 12:59:24 node 6 send append to node 3 with term before lock2
 
2025/04/09 12:59:24 node 6 send append to node 3 with term 2
2025/04/09 12:59:24 node 6 send append to node 2 with term before lock2
 
2025/04/09 12:59:24 node 6 send append to node 2 with term 2
2025/04/09 12:59:24 node 6 try send append to node 2 with term 2
msg send
2025/04/09 12:59:24 node 6 try send append to node 4 with term 2
msg send
2025/04/09 12:59:24 node 6 try send append to node 1 with term 2
2025/04/09 12:59:24 node 2 recive append from node 6 , term : 2 
req recive
msg send
2025/04/09 12:59:24 node 6 send append to node 2 with term before lock2
 
2025/04/09 12:59:24 node 4 recive append from node 6 , term : 2 
req recive
2025/04/09 12:59:24 node 6 try send append to node 3 with term 2
msg send
2025/04/09 12:59:24 node 6 send append to node 4 with term before lock2
 
2025/04/09 12:59:24 node 6 send append to node 2 with term 2
2025/04/09 12:59:24 node 6 send append to node 4 with term 2
2025/04/09 12:59:24 node 3 recive append from node 6 , term : 2 
2025/04/09 12:59:24 node 1 recive append from node 6 , term : 2 
req recive
req recive
2025/04/09 12:59:24 node 6 send append to node 3 with term before lock2
 
2025/04/09 12:59:24 node 6 send append to node 3 with term 2
2025/04/09 12:59:24 node 6 send append to node 1 with term before lock2
 
2025/04/09 12:59:24 node 6 send append to node 1 with term 2
2025/04/09 12:59:24  node 5 0 0 connect
2025/04/09 12:59:24  node 2 1 1 disconnect
req recive
msg send
req recive
2025/04/09 12:59:24 node: 6 receive request vote reply from node  0 : VoteGranted : true , reply term : 2
2025/04/09 12:59:24 node: 5 timeout
2025/04/09 12:59:24 node: 5 convert to candidate
2025/04/09 12:59:24 node: 5 run as candidate in term 2
2025/04/09 12:59:24 node: 5 read unlock in start election in term 2
2025/04/09 12:59:24 node: 5 send request vote to node  6 in term 2
2025/04/09 12:59:24 node: 5 send request vote to node  0 in term 2
msg send
msg send
2025/04/09 12:59:24 node: 5 send request vote to node  2 in term 2
msg send
2025/04/09 12:59:24 node: 5 send request vote to node  1 in term 2
req recive
msg send
req recive
2025/04/09 12:59:24 node: 5 send request vote to node  3 in term 2
2025/04/09 12:59:24 node: 5 receive request vote reply from node  6 : VoteGranted : false , reply term : 2
msg send
2025/04/09 12:59:24 node: 5 receive request vote reply from node  0 : VoteGranted : false , reply term : 2
2025/04/09 12:59:24 node: 5 send request vote to node  4 in term 2
msg send
req recive
2025/04/09 12:59:24 node: 5 receive request vote reply from node  3 : VoteGranted : false , reply term : 2
req recive
2025/04/09 12:59:24 node: 5 receive request vote reply from node  4 : VoteGranted : false , reply term : 2
2025/04/09 12:59:24 node 6 try send append to node 3 with term 2
2025/04/09 12:59:24 node 6 try send append to node 4 with term 2
2025/04/09 12:59:24 node 6 try send append to node 1 with term 2
msg send
2025/04/09 12:59:24 node 6 try send append to node 2 with term 2
msg send
msg send
msg send
2025/04/09 12:59:24 node 4 recive append from node 6 , term : 2 
req recive
2025/04/09 12:59:24 node 3 recive append from node 6 , term : 2 
2025/04/09 12:59:24 node 6 send append to node 4 with term before lock2
 
2025/04/09 12:59:24 node 6 send append to node 4 with term 2
req recive
2025/04/09 12:59:24 node 6 send append to node 3 with term before lock2
 
2025/04/09 12:59:24 node 6 send append to node 3 with term 2
2025/04/09 12:59:24 node 6 try send append to node 4 with term 2
2025/04/09 12:59:24 node 6 try send append to node 3 with term 2
msg send
msg send
2025/04/09 12:59:24 node 4 recive append from node 6 , term : 2 
req recive
2025/04/09 12:59:24 node 3 recive append from node 6 , term : 2 
req recive
2025/04/09 12:59:24 node 6 send append to node 4 with term before lock2
 
2025/04/09 12:59:24 node 6 send append to node 4 with term 2
2025/04/09 12:59:24 node 6 send append to node 3 with term before lock2
 
2025/04/09 12:59:24 node 6 send append to node 3 with term 2
2025/04/09 12:59:24 node 6 try send append to node 4 with term 2
2025/04/09 12:59:24 node 6 try send append to node 3 with term 2
msg send
msg send
2025/04/09 12:59:24 node 4 recive append from node 6 , term : 2 
req recive
2025/04/09 12:59:24 node 3 recive append from node 6 , term : 2 
req recive
2025/04/09 12:59:24 node 6 send append to node 4 with term before lock2
 
2025/04/09 12:59:24 node 6 send append to node 4 with term 2
2025/04/09 12:59:24 node 6 send append to node 3 with term before lock2
 
2025/04/09 12:59:24 node 6 send append to node 3 with term 2
2025/04/09 12:59:24 node 6 try send append to node 4 with term 2
msg send
2025/04/09 12:59:24 node 6 try send append to node 3 with term 2
msg send
2025/04/09 12:59:24 node 4 recive append from node 6 , term : 2 
req recive
2025/04/09 12:59:24 node 6 send append to node 4 with term before lock2
 
2025/04/09 12:59:24 node 6 send append to node 4 with term 2
2025/04/09 12:59:24 node 3 recive append from node 6 , term : 2 
req recive
2025/04/09 12:59:24 node 6 send append to node 3 with term before lock2
 
2025/04/09 12:59:24 node 6 send append to node 3 with term 2
2025/04/09 12:59:24 node: 5 timeout
2025/04/09 12:59:24 node: 5 convert to candidate
2025/04/09 12:59:24 node: 5 run as candidate in term 3
2025/04/09 12:59:24 node: 5 read unlock in start election in term 3
2025/04/09 12:59:24 node: 5 send request vote to node  6 in term 3
2025/04/09 12:59:24 node: 5 send request vote to node  4 in term 3
msg send
msg send
2025/04/09 12:59:24 node: 5 send request vote to node  2 in term 3
2025/04/09 12:59:24 node: 6 convert to follower
req recive
req recive
2025/04/09 12:59:24 node: 6 run as follower in term 3
2025/04/09 12:59:24 node: 5 send request vote to node  0 in term 3
2025/04/09 12:59:24 node: 5 receive request vote reply from node  4 : VoteGranted : true , reply term : 3
msg send
2025/04/09 12:59:24 node: 5 get 2 vote 
msg send
2025/04/09 12:59:24 node: 5 receive request vote reply from node  6 : VoteGranted : true , reply term : 3
2025/04/09 12:59:24 node: 5 get 3 vote 
2025/04/09 12:59:24 node: 5 send request vote to node  3 in term 3
msg send
2025/04/09 12:59:24 node: 5 send request vote to node  1 in term 3
msg send
req recive
req recive
2025/04/09 12:59:24 node: 5 receive request vote reply from node  3 : VoteGranted : true , reply term : 3
2025/04/09 12:59:24 node: 5 get 4 vote 
2025/04/09 12:59:24 node: 5 convert to leader
2025/04/09 12:59:24 node: 5 run as leader in term 3
2025/04/09 12:59:24 node 5 start send heartbeats with term 3 
2025/04/09 12:59:24 node 5 try send append to node 6 with term 3
2025/04/09 12:59:24 node 5 try send append to node 3 with term 3
msg send
2025/04/09 12:59:24 node: 5 receive request vote reply from node  0 : VoteGranted : true , reply term : 3
2025/04/09 12:59:24 node 5 try send append to node 2 with term 3
msg send
2025/04/09 12:59:24 node 5 try send append to node 0 with term 3
msg send
msg send
2025/04/09 12:59:24 node 5 try send append to node 1 with term 3
2025/04/09 12:59:24 node 6 recive append from node 5 , term : 3 
msg send
req recive
2025/04/09 12:59:24 node 5 try send append to node 4 with term 3
2025/04/09 12:59:24 node 0 recive append from node 5 , term : 3 
msg send
req recive
2025/04/09 12:59:24 node 5 send append to node 6 with term before lock3
 
2025/04/09 12:59:24 node 5 send append to node 6 with term 3
2025/04/09 12:59:24 node 3 recive append from node 5 , term : 3 
2025/04/09 12:59:24 node 5 send append to node 0 with term before lock3
 
req recive
2025/04/09 12:59:24 node 5 send append to node 0 with term 3
2025/04/09 12:59:24 node 4 recive append from node 5 , term : 3 
2025/04/09 12:59:24 node 5 send append to node 3 with term before lock3
 
2025/04/09 12:59:24 node 5 send append to node 3 with term 3
req recive
2025/04/09 12:59:24 node 5 send append to node 4 with term before lock3
 
2025/04/09 12:59:24 node 5 send append to node 4 with term 3
2025/04/09 12:59:24  node 2 1 1 connect
2025/04/09 12:59:24  node 6 3 3 disconnect
2025/04/09 12:59:24 node 6 start goroutine to send to node 4 shutdown
 
2025/04/09 12:59:24 node 6 start goroutine to send to node 3 shutdown
 
2025/04/09 12:59:24 node 5 try send append to node 3 with term 3
2025/04/09 12:59:24 node 5 try send append to node 4 with term 3
msg send
2025/04/09 12:59:24 node 5 try send append to node 0 with term 3
msg send
2025/04/09 12:59:24 node 5 try send append to node 6 with term 3
msg send
msg send
2025/04/09 12:59:24 node 4 recive append from node 5 , term : 3 
req recive
2025/04/09 12:59:24 node 5 send append to node 4 with term before lock3
 
2025/04/09 12:59:24 node 5 send append to node 4 with term 3
2025/04/09 12:59:24 node 0 recive append from node 5 , term : 3 
req recive
2025/04/09 12:59:24 node 5 send append to node 0 with term before lock3
 
2025/04/09 12:59:24 node 5 send append to node 0 with term 3
req recive
msg send
req recive
2025/04/09 12:59:24 node: 5 receive request vote reply from node  2 : VoteGranted : false , reply term : 2
2025/04/09 12:59:24 node: 1 timeout
2025/04/09 12:59:24 node: 1 convert to candidate
2025/04/09 12:59:24 node: 1 run as candidate in term 3
2025/04/09 12:59:24 node: 1 read unlock in start election in term 3
2025/04/09 12:59:24 node: 1 send request vote to node  6 in term 3
2025/04/09 12:59:24 node: 1 send request vote to node  5 in term 3
msg send
2025/04/09 12:59:24 node: 1 send request vote to node  3 in term 3
msg send
msg send
2025/04/09 12:59:24 node: 1 send request vote to node  0 in term 3
msg send
2025/04/09 12:59:24 node: 1 send request vote to node  2 in term 3
req recive
msg send
2025/04/09 12:59:24 node: 1 send request vote to node  4 in term 3
req recive
2025/04/09 12:59:24 node: 1 receive request vote reply from node  5 : VoteGranted : false , reply term : 3
req recive
msg send
2025/04/09 12:59:24 node: 1 receive request vote reply from node  2 : VoteGranted : true , reply term : 3
2025/04/09 12:59:24 node: 1 get 2 vote 
2025/04/09 12:59:24 node: 1 receive request vote reply from node  0 : VoteGranted : false , reply term : 3
req recive
2025/04/09 12:59:24 node: 1 receive request vote reply from node  4 : VoteGranted : false , reply term : 3
2025/04/09 12:59:24 node 5 try send append to node 0 with term 3
2025/04/09 12:59:24 node 5 try send append to node 4 with term 3
msg send
msg send
2025/04/09 12:59:24 node 0 recive append from node 5 , term : 3 
2025/04/09 12:59:24 node 4 recive append from node 5 , term : 3 
req recive
req recive
2025/04/09 12:59:24 node 5 send append to node 0 with term before lock3
 
2025/04/09 12:59:24 node 5 send append to node 0 with term 3
2025/04/09 12:59:24 node 5 send append to node 4 with term before lock3
 
2025/04/09 12:59:24 node 5 send append to node 4 with term 3
2025/04/09 12:59:24 node 5 try send append to node 4 with term 3
msg send
2025/04/09 12:59:24 node 5 try send append to node 0 with term 3
msg send
2025/04/09 12:59:24 node 4 recive append from node 5 , term : 3 
req recive
2025/04/09 12:59:24 node 0 recive append from node 5 , term : 3 
2025/04/09 12:59:24 node 5 send append to node 4 with term before lock3
 
2025/04/09 12:59:24 node 5 send append to node 4 with term 3
req recive
2025/04/09 12:59:24 node 5 send append to node 0 with term before lock3
 
2025/04/09 12:59:24 node 5 send append to node 0 with term 3
2025/04/09 12:59:25 node 5 try send append to node 4 with term 3
msg send
2025/04/09 12:59:25 node 5 try send append to node 0 with term 3
msg send
2025/04/09 12:59:25 node 4 recive append from node 5 , term : 3 
req recive
2025/04/09 12:59:25 node 0 recive append from node 5 , term : 3 
req recive
2025/04/09 12:59:25 node 5 send append to node 4 with term before lock3
 
2025/04/09 12:59:25 node 5 send append to node 4 with term 3
2025/04/09 12:59:25 node 5 send append to node 0 with term before lock3
 
2025/04/09 12:59:25 node 5 send append to node 0 with term 3
2025/04/09 12:59:25  node 6 3 3 connect
2025/04/09 12:59:25  node 5 3 6 disconnect
2025/04/09 12:59:25 node: 3 timeout
2025/04/09 12:59:25 node: 3 convert to candidate
2025/04/09 12:59:25 node: 3 run as candidate in term 4
2025/04/09 12:59:25 node: 3 read unlock in start election in term 4
2025/04/09 12:59:25 node: 3 send request vote to node  6 in term 4
2025/04/09 12:59:25 node: 3 send request vote to node  2 in term 4
msg send
2025/04/09 12:59:25 node: 3 send request vote to node  1 in term 4
msg send
2025/04/09 12:59:25 node: 3 send request vote to node  5 in term 4
msg send
2025/04/09 12:59:25 node: 3 send request vote to node  0 in term 4
msg send
2025/04/09 12:59:25 node: 3 send request vote to node  4 in term 4
msg send
msg send
2025/04/09 12:59:25 node 5 try send append to node 4 with term 3
2025/04/09 12:59:25 node 5 try send append to node 0 with term 3
msg send
msg send
req recive
msg send
2025/04/09 12:59:25 node: 1 timeout
2025/04/09 12:59:25 node: 1 convert to candidate
2025/04/09 12:59:25 node: 1 run as candidate in term 4
2025/04/09 12:59:25 node: 1 read unlock in start election in term 4
2025/04/09 12:59:25 node: 1 send request vote to node  6 in term 4
2025/04/09 12:59:25 node: 1 send request vote to node  3 in term 4
msg send
2025/04/09 12:59:25 node: 1 send request vote to node  2 in term 4
msg send
2025/04/09 12:59:25 node: 1 send request vote to node  4 in term 4
msg send
msg send
2025/04/09 12:59:25 node: 1 send request vote to node  0 in term 4
msg send
2025/04/09 12:59:25 node: 1 send request vote to node  5 in term 4
req recive
msg send
req recive
2025/04/09 12:59:25 node: 1 receive request vote reply from node  4 : VoteGranted : true , reply term : 4
2025/04/09 12:59:25 node: 1 get 2 vote 
req recive
2025/04/09 12:59:25 node: 1 receive request vote reply from node  2 : VoteGranted : true , reply term : 4
2025/04/09 12:59:25 node: 1 get 3 vote 
2025/04/09 12:59:25 node: 1 receive request vote reply from node  0 : VoteGranted : true , reply term : 4
2025/04/09 12:59:25 node: 1 get 4 vote 
2025/04/09 12:59:25 node: 1 convert to leader
2025/04/09 12:59:25 node: 1 run as leader in term 4
2025/04/09 12:59:25 node 1 start send heartbeats with term 4 
2025/04/09 12:59:25 node 1 try send append to node 2 with term 4
msg send
2025/04/09 12:59:25 node 1 try send append to node 6 with term 4
msg send
2025/04/09 12:59:25 node 1 try send append to node 3 with term 4
2025/04/09 12:59:25 node 2 recive append from node 1 , term : 4 
req recive
2025/04/09 12:59:25 node 1 try send append to node 4 with term 4
2025/04/09 12:59:25 node 1 send append to node 2 with term before lock4
 
2025/04/09 12:59:25 node 1 send append to node 2 with term 4
msg send
msg send
2025/04/09 12:59:25 node 1 try send append to node 5 with term 4
msg send
2025/04/09 12:59:25 node 1 try send append to node 0 with term 4
2025/04/09 12:59:25 node 4 recive append from node 1 , term : 4 
msg send
req recive
2025/04/09 12:59:25 node 1 send append to node 4 with term before lock4
 
2025/04/09 12:59:25 node 1 send append to node 4 with term 4
2025/04/09 12:59:25 node 0 recive append from node 1 , term : 4 
req recive
2025/04/09 12:59:25 node 1 send append to node 0 with term before lock4
 
2025/04/09 12:59:25 node 1 send append to node 0 with term 4
2025/04/09 12:59:25 node: 6 timeout
2025/04/09 12:59:25 node: 6 convert to candidate
2025/04/09 12:59:25 node: 6 run as candidate in term 4
2025/04/09 12:59:25 node: 6 read unlock in start election in term 4
2025/04/09 12:59:25 node: 6 send request vote to node  1 in term 4
msg send
2025/04/09 12:59:25 node: 6 send request vote to node  5 in term 4
msg send
2025/04/09 12:59:25 node: 6 send request vote to node  2 in term 4
msg send
2025/04/09 12:59:25 node: 6 send request vote to node  3 in term 4
msg send
2025/04/09 12:59:25 node: 6 send request vote to node  4 in term 4
msg send
2025/04/09 12:59:25 node: 6 send request vote to node  0 in term 4
msg send
req recive
msg send
2025/04/09 12:59:25 node 1 try send append to node 0 with term 4
2025/04/09 12:59:25 node 1 try send append to node 4 with term 4
msg send
msg send
2025/04/09 12:59:25 node 1 try send append to node 2 with term 4
msg send
2025/04/09 12:59:25 node 4 recive append from node 1 , term : 4 
req recive
2025/04/09 12:59:25 node 2 recive append from node 1 , term : 4 
2025/04/09 12:59:25 node 1 send append to node 4 with term before lock4
 
req recive
2025/04/09 12:59:25 node 1 send append to node 4 with term 4
2025/04/09 12:59:25 node 0 recive append from node 1 , term : 4 
req recive
2025/04/09 12:59:25 node 1 send append to node 2 with term before lock4
 
2025/04/09 12:59:25 node 1 send append to node 2 with term 4
2025/04/09 12:59:25 node 1 send append to node 0 with term before lock4
 
2025/04/09 12:59:25 node 1 send append to node 0 with term 4
req recive
msg send
2025/04/09 12:59:25 node 1 try send append to node 2 with term 4
msg send
2025/04/09 12:59:25 node 1 try send append to node 0 with term 4
msg send
2025/04/09 12:59:25 node 1 try send append to node 4 with term 4
msg send
2025/04/09 12:59:25 node 2 recive append from node 1 , term : 4 
req recive
2025/04/09 12:59:25 node 1 send append to node 2 with term before lock4
 
2025/04/09 12:59:25 node 1 send append to node 2 with term 4
2025/04/09 12:59:25 node 0 recive append from node 1 , term : 4 
req recive
2025/04/09 12:59:25 node 4 recive append from node 1 , term : 4 
2025/04/09 12:59:25 node 1 send append to node 0 with term before lock4
 
2025/04/09 12:59:25 node 1 send append to node 0 with term 4
req recive
2025/04/09 12:59:25 node 1 send append to node 4 with term before lock4
 
2025/04/09 12:59:25 node 1 send append to node 4 with term 4
2025/04/09 12:59:25  node 5 3 6 connect
2025/04/09 12:59:25  node 4 2 5 disconnect
req recive
msg send
2025/04/09 12:59:25 node 1 try send append to node 4 with term 4
2025/04/09 12:59:25 node 1 try send append to node 0 with term 4
msg send
2025/04/09 12:59:25 node 1 try send append to node 2 with term 4
msg send
msg send
2025/04/09 12:59:25 node 0 recive append from node 1 , term : 4 
req recive
2025/04/09 12:59:25 node 1 send append to node 0 with term before lock4
 
2025/04/09 12:59:25 node 1 send append to node 0 with term 4
req recive
msg send
2025/04/09 12:59:25 node 6 recive append from node 1 , term : 4 
2025/04/09 12:59:25 node: 6 convert to follower
req recive
2025/04/09 12:59:25 node: 6 run as follower in term 4
2025/04/09 12:59:25 node 1 send append to node 6 with term before lock4
 
2025/04/09 12:59:25 node 1 send append to node 6 with term 4
2025/04/09 12:59:25 node 1 try send append to node 0 with term 4
msg send
2025/04/09 12:59:25 node 0 recive append from node 1 , term : 4 
req recive
2025/04/09 12:59:25 node 1 send append to node 0 with term before lock4
 
2025/04/09 12:59:25 node 1 send append to node 0 with term 4
2025/04/09 12:59:25 node: 3 timeout
2025/04/09 12:59:25 node: 3 convert to candidate
2025/04/09 12:59:25 node: 3 run as candidate in term 5
2025/04/09 12:59:25 node: 3 read unlock in start election in term 5
2025/04/09 12:59:25 node: 3 send request vote to node  6 in term 5
msg send
2025/04/09 12:59:25 node: 3 send request vote to node  2 in term 5
msg send
2025/04/09 12:59:25 node: 3 send request vote to node  0 in term 5
msg send
2025/04/09 12:59:25 node: 3 send request vote to node  1 in term 5
req recive
msg send
2025/04/09 12:59:25 node: 3 send request vote to node  4 in term 5
req recive
msg send
2025/04/09 12:59:25 node: 3 send request vote to node  5 in term 5
msg send
2025/04/09 12:59:25 node: 1 convert to follower
req recive
2025/04/09 12:59:25 node: 3 receive request vote reply from node  0 : VoteGranted : true , reply term : 5
2025/04/09 12:59:25 node: 1 run as follower in term 5
2025/04/09 12:59:25 node: 3 get 2 vote 
2025/04/09 12:59:25 node: 3 receive request vote reply from node  6 : VoteGranted : true , reply term : 5
2025/04/09 12:59:25 node: 3 get 3 vote 
2025/04/09 12:59:25 node: 3 receive request vote reply from node  1 : VoteGranted : true , reply term : 5
2025/04/09 12:59:25 node: 3 get 4 vote 
2025/04/09 12:59:25 node: 3 convert to leader
2025/04/09 12:59:25 node: 3 run as leader in term 5
2025/04/09 12:59:25 node 3 start send heartbeats with term 5 
2025/04/09 12:59:25 node 3 try send append to node 0 with term 5
msg send
2025/04/09 12:59:25 node 3 try send append to node 6 with term 5
msg send
2025/04/09 12:59:25 node 3 try send append to node 1 with term 5
msg send
2025/04/09 12:59:25 node 3 try send append to node 2 with term 5
2025/04/09 12:59:25 node 6 recive append from node 3 , term : 5 
2025/04/09 12:59:25 node 0 recive append from node 3 , term : 5 
req recive
msg send
req recive
2025/04/09 12:59:25 node 3 try send append to node 4 with term 5
2025/04/09 12:59:25 node 1 recive append from node 3 , term : 5 
req recive
2025/04/09 12:59:25 node 3 send append to node 6 with term before lock5
 
2025/04/09 12:59:25 node 3 try send append to node 5 with term 5
2025/04/09 12:59:25 node 3 send append to node 0 with term before lock5
 
2025/04/09 12:59:25 node 3 send append to node 0 with term 5
msg send
2025/04/09 12:59:25 node 3 send append to node 1 with term before lock5
 
2025/04/09 12:59:25 node 3 send append to node 1 with term 5
2025/04/09 12:59:25 node 3 send append to node 6 with term 5
msg send
req recive
msg send
2025/04/09 12:59:25 node 6 recive append from node 3 , term : 1 
req recive
2025/04/09 12:59:25 node 3 send append to node 6 with term before lock1
 
2025/04/09 12:59:25 node 1 start goroutine to send to node 6 shutdown
 
2025/04/09 12:59:25 node 1 start goroutine to send to node 0 shutdown
 
2025/04/09 12:59:26 node 3 try send append to node 6 with term 5
2025/04/09 12:59:26 node 3 try send append to node 0 with term 5
msg send
msg send
2025/04/09 12:59:26 node 3 try send append to node 1 with term 5
2025/04/09 12:59:26 node 0 recive append from node 3 , term : 5 
req recive
2025/04/09 12:59:26 node 3 send append to node 0 with term before lock5
 
2025/04/09 12:59:26 node 3 send append to node 0 with term 5
2025/04/09 12:59:26 node 6 recive append from node 3 , term : 5 
req recive
msg send
2025/04/09 12:59:26 node 3 send append to node 6 with term before lock5
 
2025/04/09 12:59:26 node 3 send append to node 6 with term 5
2025/04/09 12:59:26 node 1 recive append from node 3 , term : 5 
req recive
2025/04/09 12:59:26 node 3 send append to node 1 with term before lock5
 
2025/04/09 12:59:26 node 3 send append to node 1 with term 5
req recive
msg send
req recive
2025/04/09 12:59:26 node: 1 receive request vote reply from node  6 : VoteGranted : false , reply term : 5
2025/04/09 12:59:26 node: 4 timeout
2025/04/09 12:59:26 node: 4 convert to candidate
2025/04/09 12:59:26 node: 4 run as candidate in term 5
2025/04/09 12:59:26 node: 4 read unlock in start election in term 5
2025/04/09 12:59:26 node: 4 send request vote to node  6 in term 5
2025/04/09 12:59:26 node: 4 send request vote to node  2 in term 5
msg send
msg send
2025/04/09 12:59:26 node: 4 send request vote to node  0 in term 5
msg send
2025/04/09 12:59:26 node: 4 send request vote to node  1 in term 5
msg send
2025/04/09 12:59:26 node: 4 send request vote to node  3 in term 5
msg send
2025/04/09 12:59:26 node: 4 send request vote to node  5 in term 5
msg send
2025/04/09 12:59:26  node 4 2 5 connect
2025/04/09 12:59:26  node 0 6 5 disconnect
2025/04/09 12:59:26 node 3 try send append to node 0 with term 5
msg send
2025/04/09 12:59:26 node 3 try send append to node 6 with term 5
msg send
2025/04/09 12:59:26 node 3 try send append to node 1 with term 5
msg send
2025/04/09 12:59:26 node 1 recive append from node 3 , term : 5 
req recive
2025/04/09 12:59:26 node 3 send append to node 1 with term before lock5
 
2025/04/09 12:59:26 node 3 send append to node 1 with term 5
2025/04/09 12:59:26 node: 2 timeout
2025/04/09 12:59:26 node: 2 convert to candidate
2025/04/09 12:59:26 node: 2 run as candidate in term 5
2025/04/09 12:59:26 node: 2 read unlock in start election in term 5
2025/04/09 12:59:26 node: 2 send request vote to node  6 in term 5
2025/04/09 12:59:26 node: 2 send request vote to node  3 in term 5
msg send
msg send
2025/04/09 12:59:26 node: 2 send request vote to node  4 in term 5
msg send
2025/04/09 12:59:26 node: 2 send request vote to node  0 in term 5
req recive
msg send
2025/04/09 12:59:26 node: 2 send request vote to node  1 in term 5
msg send
2025/04/09 12:59:26 node: 2 receive request vote reply from node  3 : VoteGranted : false , reply term : 5
req recive
2025/04/09 12:59:26 node: 2 send request vote to node  5 in term 5
msg send
2025/04/09 12:59:26 node: 2 receive request vote reply from node  4 : VoteGranted : false , reply term : 5
req recive
2025/04/09 12:59:26 node: 2 receive request vote reply from node  1 : VoteGranted : false , reply term : 5
req recive
msg send
2025/04/09 12:59:26 node 3 try send append to node 1 with term 5
msg send
2025/04/09 12:59:26 node 1 recive append from node 3 , term : 5 
req recive
2025/04/09 12:59:26 node 3 send append to node 1 with term before lock5
 
2025/04/09 12:59:26 node 3 send append to node 1 with term 5
req recive
msg send
req recive
2025/04/09 12:59:26 node: 4 receive request vote reply from node  2 : VoteGranted : false , reply term : 5
2025/04/09 12:59:26 node 3 try send append to node 1 with term 5
msg send
2025/04/09 12:59:26 node 1 recive append from node 3 , term : 5 
req recive
2025/04/09 12:59:26 node 3 send append to node 1 with term before lock5
 
2025/04/09 12:59:26 node 3 send append to node 1 with term 5
2025/04/09 12:59:26 node 3 try send append to node 1 with term 5
msg send
2025/04/09 12:59:26 node 1 recive append from node 3 , term : 5 
req recive
2025/04/09 12:59:26 node 3 send append to node 1 with term before lock5
 
2025/04/09 12:59:26 node 3 send append to node 1 with term 5
2025/04/09 12:59:26 node: 4 timeout
2025/04/09 12:59:26 node: 4 convert to candidate
2025/04/09 12:59:26 node: 4 run as candidate in term 6
2025/04/09 12:59:26 node: 4 read unlock in start election in term 6
2025/04/09 12:59:26 node: 4 send request vote to node  6 in term 6
2025/04/09 12:59:26 node: 4 send request vote to node  0 in term 6
msg send
2025/04/09 12:59:26 node: 4 send request vote to node  1 in term 6
msg send
msg send
2025/04/09 12:59:26 node: 4 send request vote to node  5 in term 6
msg send
2025/04/09 12:59:26 node: 4 send request vote to node  2 in term 6
msg send
req recive
2025/04/09 12:59:26 node: 4 send request vote to node  3 in term 6
2025/04/09 12:59:26 node: 4 receive request vote reply from node  1 : VoteGranted : true , reply term : 6
2025/04/09 12:59:26 node: 4 get 2 vote 
msg send
2025/04/09 12:59:26 node: 2 convert to follower
req recive
2025/04/09 12:59:26 node: 2 run as follower in term 6
2025/04/09 12:59:26 node: 3 convert to follower
req recive
2025/04/09 12:59:26 node: 4 receive request vote reply from node  2 : VoteGranted : true , reply term : 6
2025/04/09 12:59:26 node: 4 get 3 vote 
2025/04/09 12:59:26 node: 3 run as follower in term 6
2025/04/09 12:59:26 node: 4 receive request vote reply from node  3 : VoteGranted : true , reply term : 6
2025/04/09 12:59:26 node: 4 get 4 vote 
2025/04/09 12:59:26 node: 4 convert to leader
2025/04/09 12:59:26 node: 4 run as leader in term 6
2025/04/09 12:59:26 node 4 start send heartbeats with term 6 
2025/04/09 12:59:26 node 4 try send append to node 6 with term 6
2025/04/09 12:59:26 node 4 try send append to node 2 with term 6
msg send
msg send
2025/04/09 12:59:26 node 4 try send append to node 3 with term 6
msg send
2025/04/09 12:59:26 node 2 recive append from node 4 , term : 6 
req recive
2025/04/09 12:59:26 node 3 recive append from node 4 , term : 6 
req recive
2025/04/09 12:59:26 node 4 send append to node 2 with term before lock6
 
2025/04/09 12:59:26 node 4 try send append to node 5 with term 6
2025/04/09 12:59:26 node 4 send append to node 3 with term before lock6
 
2025/04/09 12:59:26 node 4 send append to node 3 with term 6
msg send
2025/04/09 12:59:26 node 4 try send append to node 0 with term 6
msg send
2025/04/09 12:59:26 node 4 try send append to node 1 with term 6
msg send
2025/04/09 12:59:26 node 4 send append to node 2 with term 6
2025/04/09 12:59:26 node 1 recive append from node 4 , term : 6 
req recive
2025/04/09 12:59:26 node 4 send append to node 1 with term before lock6
 
2025/04/09 12:59:26 node 4 send append to node 1 with term 6
2025/04/09 12:59:26  node 0 6 5 connect
2025/04/09 12:59:26  node 5 5 0 disconnect
req recive
msg send
2025/04/09 12:59:26 node: 6 timeout
2025/04/09 12:59:26 node: 6 convert to candidate
2025/04/09 12:59:26 node: 6 run as candidate in term 6
2025/04/09 12:59:26 node: 6 read unlock in start election in term 6
2025/04/09 12:59:26 node: 6 send request vote to node  5 in term 6
2025/04/09 12:59:26 node: 6 send request vote to node  2 in term 6
msg send
2025/04/09 12:59:26 node: 6 send request vote to node  0 in term 6
msg send
2025/04/09 12:59:26 node: 6 send request vote to node  3 in term 6
msg send
msg send
2025/04/09 12:59:26 node: 6 send request vote to node  1 in term 6
msg send
2025/04/09 12:59:26 node: 6 send request vote to node  4 in term 6
req recive
req recive
msg send
2025/04/09 12:59:26 node: 6 receive request vote reply from node  3 : VoteGranted : false , reply term : 6
2025/04/09 12:59:26 node: 6 receive request vote reply from node  2 : VoteGranted : false , reply term : 6
req recive
req recive
2025/04/09 12:59:26 node: 6 receive request vote reply from node  1 : VoteGranted : false , reply term : 6
2025/04/09 12:59:26 node: 6 receive request vote reply from node  4 : VoteGranted : false , reply term : 6
2025/04/09 12:59:26 node 3 start goroutine to send to node 1 shutdown
 
req recive
msg send
req recive
2025/04/09 12:59:26 node: 6 receive request vote reply from node  1 : VoteGranted : false , reply term : 6
req recive
msg send
2025/04/09 12:59:26 node 4 try send append to node 2 with term 6
msg send
2025/04/09 12:59:26 node 4 try send append to node 3 with term 6
msg send
2025/04/09 12:59:26 node 4 try send append to node 1 with term 6
2025/04/09 12:59:26 node 2 recive append from node 4 , term : 6 
msg send
req recive
2025/04/09 12:59:26 node 4 send append to node 2 with term before lock6
 
2025/04/09 12:59:26 node 4 send append to node 2 with term 6
2025/04/09 12:59:26 node 3 recive append from node 4 , term : 6 
2025/04/09 12:59:26 node 1 recive append from node 4 , term : 6 
req recive
req recive
2025/04/09 12:59:26 node 4 send append to node 3 with term before lock6
 
2025/04/09 12:59:26 node 4 send append to node 1 with term before lock6
 
2025/04/09 12:59:26 node 4 send append to node 3 with term 6
2025/04/09 12:59:26 node 4 send append to node 1 with term 6
req recive
msg send
2025/04/09 12:59:26 node 4 recive append from node 1 , term : 4 
req recive
2025/04/09 12:59:26 node 1 send append to node 4 with term before lock4
 
2025/04/09 12:59:26 node: 0 timeout
2025/04/09 12:59:26 node: 0 convert to candidate
2025/04/09 12:59:26 node: 0 run as candidate in term 6
2025/04/09 12:59:26 node: 0 read unlock in start election in term 6
2025/04/09 12:59:26 node: 0 send request vote to node  2 in term 6
msg send
2025/04/09 12:59:26 node: 0 send request vote to node  6 in term 6
msg send
2025/04/09 12:59:26 node: 0 send request vote to node  3 in term 6
msg send
2025/04/09 12:59:26 node: 0 send request vote to node  4 in term 6
msg send
2025/04/09 12:59:26 node: 0 send request vote to node  5 in term 6
msg send
2025/04/09 12:59:26 node: 0 send request vote to node  1 in term 6
msg send
req recive
msg send
2025/04/09 12:59:26 node 4 try send append to node 1 with term 6
2025/04/09 12:59:26 node 4 try send append to node 2 with term 6
msg send
2025/04/09 12:59:26 node 4 try send append to node 3 with term 6
msg send
msg send
2025/04/09 12:59:26 node 1 recive append from node 4 , term : 6 
2025/04/09 12:59:26 node 2 recive append from node 4 , term : 6 
req recive
req recive
2025/04/09 12:59:26 node 4 send append to node 1 with term before lock6
 
2025/04/09 12:59:26 node 4 send append to node 1 with term 6
2025/04/09 12:59:26 node 4 send append to node 2 with term before lock6
 
2025/04/09 12:59:26 node 4 send append to node 2 with term 6
2025/04/09 12:59:26 node 3 recive append from node 4 , term : 6 
req recive
2025/04/09 12:59:26 node 4 send append to node 3 with term before lock6
 
2025/04/09 12:59:26 node 4 send append to node 3 with term 6
req recive
msg send
2025/04/09 12:59:26 node 4 try send append to node 1 with term 6
2025/04/09 12:59:26 node 4 try send append to node 2 with term 6
msg send
2025/04/09 12:59:26 node 4 try send append to node 3 with term 6
msg send
msg send
2025/04/09 12:59:26 node 2 recive append from node 4 , term : 6 
2025/04/09 12:59:26 node 3 recive append from node 4 , term : 6 
req recive
2025/04/09 12:59:26 node 1 recive append from node 4 , term : 6 
2025/04/09 12:59:26 node 4 send append to node 2 with term before lock6
 
req recive
2025/04/09 12:59:26 node 4 send append to node 2 with term 6
req recive
2025/04/09 12:59:26 node 4 send append to node 3 with term before lock6
 
2025/04/09 12:59:26 node 4 send append to node 3 with term 6
2025/04/09 12:59:26 node 4 send append to node 1 with term before lock6
 
2025/04/09 12:59:26 node 4 send append to node 1 with term 6
2025/04/09 12:59:27 node 4 try send append to node 3 with term 6
msg send
2025/04/09 12:59:27 node 4 try send append to node 1 with term 6
msg send
2025/04/09 12:59:27 node 3 recive append from node 4 , term : 6 
2025/04/09 12:59:27 node 4 try send append to node 2 with term 6
req recive
msg send
2025/04/09 12:59:27 node 4 send append to node 3 with term before lock6
 
2025/04/09 12:59:27 node 4 send append to node 3 with term 6
2025/04/09 12:59:27 node 1 recive append from node 4 , term : 6 
2025/04/09 12:59:27 node 2 recive append from node 4 , term : 6 
req recive
2025/04/09 12:59:27 node 4 send append to node 2 with term before lock6
 
2025/04/09 12:59:27 node 4 send append to node 2 with term 6
req recive
2025/04/09 12:59:27 node 4 send append to node 1 with term before lock6
 
2025/04/09 12:59:27 node 4 send append to node 1 with term 6
req recive
msg send
2025/04/09 12:59:27  node 5 5 0 connect
2025/04/09 12:59:27  node 2 3 2 disconnect
2025/04/09 12:59:27 node 4 try send append to node 3 with term 6
msg send
2025/04/09 12:59:27 node 4 try send append to node 2 with term 6
2025/04/09 12:59:27 node 4 try send append to node 1 with term 6
msg send
msg send
2025/04/09 12:59:27 node 1 recive append from node 4 , term : 6 
req recive
2025/04/09 12:59:27 node 4 send append to node 1 with term before lock6
 
2025/04/09 12:59:27 node 4 send append to node 1 with term 6
2025/04/09 12:59:27 node: 6 timeout
2025/04/09 12:59:27 node: 6 convert to candidate
2025/04/09 12:59:27 node: 6 run as candidate in term 7
2025/04/09 12:59:27 node: 6 read unlock in start election in term 7
2025/04/09 12:59:27 node: 6 send request vote to node  5 in term 7
2025/04/09 12:59:27 node: 6 send request vote to node  4 in term 7
msg send
msg send
2025/04/09 12:59:27 node: 6 send request vote to node  1 in term 7
msg send
2025/04/09 12:59:27 node: 4 convert to follower
2025/04/09 12:59:27 node: 6 send request vote to node  0 in term 7
req recive
2025/04/09 12:59:27 node: 4 run as follower in term 7
2025/04/09 12:59:27 node: 5 convert to follower
msg send
req recive
req recive
2025/04/09 12:59:27 node: 6 receive request vote reply from node  4 : VoteGranted : true , reply term : 7
2025/04/09 12:59:27 node: 6 get 2 vote 
2025/04/09 12:59:27 node: 5 run as follower in term 7
2025/04/09 12:59:27 node: 6 send request vote to node  3 in term 7
2025/04/09 12:59:27 node: 0 convert to follower
msg send
2025/04/09 12:59:27 node: 6 receive request vote reply from node  1 : VoteGranted : true , reply term : 7
2025/04/09 12:59:27 node: 6 get 3 vote 
2025/04/09 12:59:27 node: 6 send request vote to node  2 in term 7
req recive
2025/04/09 12:59:27 node: 6 receive request vote reply from node  5 : VoteGranted : true , reply term : 7
2025/04/09 12:59:27 node: 6 get 4 vote 
msg send
2025/04/09 12:59:27 node: 6 convert to leader
2025/04/09 12:59:27 node: 0 run as follower in term 7
2025/04/09 12:59:27 node: 6 run as leader in term 7
2025/04/09 12:59:27 node 6 start send heartbeats with term 7 
2025/04/09 12:59:27 node: 6 receive request vote reply from node  0 : VoteGranted : true , reply term : 7
2025/04/09 12:59:27 node 6 try send append to node 5 with term 7
msg send
2025/04/09 12:59:27 node 6 try send append to node 0 with term 7
msg send
2025/04/09 12:59:27 node 5 recive append from node 6 , term : 7 
2025/04/09 12:59:27 node 6 try send append to node 1 with term 7
req recive
msg send
2025/04/09 12:59:27 node 6 try send append to node 2 with term 7
2025/04/09 12:59:27 node 6 send append to node 5 with term before lock7
 
2025/04/09 12:59:27 node 6 send append to node 5 with term 7
2025/04/09 12:59:27 node 0 recive append from node 6 , term : 7 
req recive
msg send
2025/04/09 12:59:27 node 6 try send append to node 3 with term 7
2025/04/09 12:59:27 node 6 send append to node 0 with term before lock7
 
2025/04/09 12:59:27 node 6 send append to node 0 with term 7
msg send
2025/04/09 12:59:27 node 1 recive append from node 6 , term : 7 
req recive
2025/04/09 12:59:27 node 6 try send append to node 4 with term 7
msg send
2025/04/09 12:59:27 node 6 send append to node 1 with term before lock7
 
2025/04/09 12:59:27 node 6 send append to node 1 with term 7
2025/04/09 12:59:27 node 4 recive append from node 6 , term : 7 
req recive
2025/04/09 12:59:27 node 6 send append to node 4 with term before lock7
 
2025/04/09 12:59:27 node 6 send append to node 4 with term 7
2025/04/09 12:59:27 node 4 start goroutine to send to node 1 shutdown
 
2025/04/09 12:59:27 node 6 try send append to node 5 with term 7
msg send
2025/04/09 12:59:27 node 6 try send append to node 0 with term 7
msg send
2025/04/09 12:59:27 node 5 recive append from node 6 , term : 7 
req recive
2025/04/09 12:59:27 node 6 send append to node 5 with term before lock7
 
2025/04/09 12:59:27 node 6 send append to node 5 with term 7
2025/04/09 12:59:27 node 0 recive append from node 6 , term : 7 
req recive
2025/04/09 12:59:27 node 6 try send append to node 1 with term 7
msg send
2025/04/09 12:59:27 node 6 send append to node 0 with term before lock7
 
2025/04/09 12:59:27 node 6 send append to node 0 with term 7
2025/04/09 12:59:27 node 6 try send append to node 4 with term 7
2025/04/09 12:59:27 node 1 recive append from node 6 , term : 7 
msg send
req recive
2025/04/09 12:59:27 node 6 send append to node 1 with term before lock7
 
2025/04/09 12:59:27 node 6 send append to node 1 with term 7
2025/04/09 12:59:27 node 4 recive append from node 6 , term : 7 
req recive
2025/04/09 12:59:27 node 6 send append to node 4 with term before lock7
 
2025/04/09 12:59:27 node 6 send append to node 4 with term 7
req recive
msg send
req recive
2025/04/09 12:59:27 node: 0 receive request vote reply from node  1 : VoteGranted : false , reply term : 7
req recive
msg send
2025/04/09 12:59:27 node 5 recive append from node 1 , term : 4 
req recive
2025/04/09 12:59:27 node 1 send append to node 5 with term before lock4
 
req recive
msg send
req recive
2025/04/09 12:59:27 node: 4 receive request vote reply from node  0 : VoteGranted : false , reply term : 7
2025/04/09 12:59:27 node 6 try send append to node 0 with term 7
2025/04/09 12:59:27 node 6 try send append to node 5 with term 7
msg send
2025/04/09 12:59:27 node 6 try send append to node 1 with term 7
msg send
msg send
2025/04/09 12:59:27 node 0 recive append from node 6 , term : 7 
2025/04/09 12:59:27 node 6 try send append to node 4 with term 7
req recive
msg send
2025/04/09 12:59:27 node 5 recive append from node 6 , term : 7 
2025/04/09 12:59:27 node 1 recive append from node 6 , term : 7 
req recive
2025/04/09 12:59:27 node 6 send append to node 0 with term before lock7
 
req recive
2025/04/09 12:59:27 node 6 send append to node 0 with term 7
2025/04/09 12:59:27 node 4 recive append from node 6 , term : 7 
2025/04/09 12:59:27 node 6 send append to node 5 with term before lock7
 
2025/04/09 12:59:27 node 6 send append to node 5 with term 7
req recive
2025/04/09 12:59:27 node 6 send append to node 1 with term before lock7
 
2025/04/09 12:59:27 node 6 send append to node 1 with term 7
2025/04/09 12:59:27 node 6 send append to node 4 with term before lock7
 
2025/04/09 12:59:27 node 6 send append to node 4 with term 7
req recive
msg send
2025/04/09 12:59:27 node 1 recive append from node 6 , term : 2 
req recive
2025/04/09 12:59:27 node 6 send append to node 1 with term before lock2
 
req recive
msg send
2025/04/09 12:59:27  node 2 3 2 connect
2025/04/09 12:59:27 node 6 try send append to node 4 with term 7
msg send
2025/04/09 12:59:27 node 6 try send append to node 1 with term 7
msg send
2025/04/09 12:59:27 node 4 recive append from node 6 , term : 7 
req recive
2025/04/09 12:59:27 node 6 try send append to node 0 with term 7
2025/04/09 12:59:27 node 6 send append to node 4 with term before lock7
 
2025/04/09 12:59:27 node 6 send append to node 4 with term 7
msg send
2025/04/09 12:59:27 node 6 try send append to node 5 with term 7
2025/04/09 12:59:27 node 0 recive append from node 6 , term : 7 
msg send
req recive
2025/04/09 12:59:27 node 1 recive append from node 6 , term : 7 
2025/04/09 12:59:27 node 5 recive append from node 6 , term : 7 
2025/04/09 12:59:27 node 6 send append to node 0 with term before lock7
 
req recive
2025/04/09 12:59:27 node 6 send append to node 0 with term 7
req recive
2025/04/09 12:59:27 node 6 send append to node 5 with term before lock7
 
2025/04/09 12:59:27 node 6 send append to node 5 with term 7
2025/04/09 12:59:27 node 6 send append to node 1 with term before lock7
 
2025/04/09 12:59:27 node 6 send append to node 1 with term 7
2025/04/09 12:59:27 node: 2 timeout
2025/04/09 12:59:27 node: 2 convert to candidate
2025/04/09 12:59:27 node: 2 run as candidate in term 7
2025/04/09 12:59:27 node: 2 read unlock in start election in term 7
2025/04/09 12:59:27 node: 2 send request vote to node  6 in term 7
msg send
2025/04/09 12:59:27 node: 2 send request vote to node  3 in term 7
msg send
req recive
2025/04/09 12:59:27 node: 2 send request vote to node  0 in term 7
msg send
2025/04/09 12:59:27 node: 2 receive request vote reply from node  6 : VoteGranted : false , reply term : 7
2025/04/09 12:59:27 node: 2 send request vote to node  1 in term 7
req recive
msg send
2025/04/09 12:59:27 node: 2 send request vote to node  4 in term 7
2025/04/09 12:59:27 node: 2 receive request vote reply from node  3 : VoteGranted : true , reply term : 7
2025/04/09 12:59:27 node: 2 get 2 vote 
msg send
req recive
2025/04/09 12:59:27 node: 2 send request vote to node  5 in term 7
msg send
req recive
2025/04/09 12:59:27 node: 2 receive request vote reply from node  0 : VoteGranted : false , reply term : 7
req recive
2025/04/09 12:59:27 node: 2 receive request vote reply from node  1 : VoteGranted : false , reply term : 7
2025/04/09 12:59:27 node: 2 receive request vote reply from node  4 : VoteGranted : false , reply term : 7
req recive
2025/04/09 12:59:27 node: 2 receive request vote reply from node  5 : VoteGranted : false , reply term : 7
req recive
msg send
req recive
2025/04/09 12:59:27 node: 0 receive request vote reply from node  3 : VoteGranted : false , reply term : 7
2025/04/09 12:59:27 node 6 try send append to node 5 with term 7
msg send
2025/04/09 12:59:27 node 6 try send append to node 0 with term 7
msg send
2025/04/09 12:59:27 node 5 recive append from node 6 , term : 7 
req recive
2025/04/09 12:59:27 node 6 try send append to node 4 with term 7
msg send
2025/04/09 12:59:27 node 6 send append to node 5 with term before lock7
 
2025/04/09 12:59:27 node 0 recive append from node 6 , term : 7 
req recive
2025/04/09 12:59:27 node 4 recive append from node 6 , term : 7 
2025/04/09 12:59:27 node 6 send append to node 0 with term before lock7
 
req recive
2025/04/09 12:59:27 node 6 send append to node 4 with term before lock7
 
2025/04/09 12:59:27 node 6 try send append to node 1 with term 7
msg send
2025/04/09 12:59:27 node 6 send append to node 5 with term 7
2025/04/09 12:59:27 node 6 send append to node 0 with term 7
2025/04/09 12:59:27 node 6 send append to node 4 with term 7
2025/04/09 12:59:27 node 1 recive append from node 6 , term : 7 
req recive
2025/04/09 12:59:27 node 6 send append to node 1 with term before lock7
 
2025/04/09 12:59:27 node 6 send append to node 1 with term 7
req recive
msg send
req recive
2025/04/09 12:59:27 node: 4 receive request vote reply from node  3 : VoteGranted : false , reply term : 7
req recive
msg send
req recive
2025/04/09 12:59:27 node: 5 receive request vote reply from node  2 : VoteGranted : false , reply term : 7
req recive
msg send
2025/04/09 12:59:27 node 4 recive append from node 3 , term : 1 
req recive
2025/04/09 12:59:27 node 3 send append to node 4 with term before lock1
 
req recive
msg send
req recive
2025/04/09 12:59:27 node: 0 receive request vote reply from node  2 : VoteGranted : false , reply term : 7
2025/04/09 12:59:27 node 6 try send append to node 1 with term 7
2025/04/09 12:59:27 node 6 try send append to node 4 with term 7
msg send
2025/04/09 12:59:27 node 6 try send append to node 0 with term 7
msg send
msg send
2025/04/09 12:59:27 node 6 try send append to node 5 with term 7
msg send
2025/04/09 12:59:27 node 4 recive append from node 6 , term : 7 
2025/04/09 12:59:27 node 0 recive append from node 6 , term : 7 
2025/04/09 12:59:27 node 1 recive append from node 6 , term : 7 
req recive
req recive
2025/04/09 12:59:27 node 5 recive append from node 6 , term : 7 
2025/04/09 12:59:27 node 6 send append to node 0 with term before lock7
 
req recive
2025/04/09 12:59:27 node 6 send append to node 0 with term 7
req recive
2025/04/09 12:59:27 node 6 send append to node 1 with term before lock7
 
2025/04/09 12:59:27 node 6 send append to node 1 with term 7
2025/04/09 12:59:27 node 6 send append to node 4 with term before lock7
 
2025/04/09 12:59:27 node 6 send append to node 4 with term 7
2025/04/09 12:59:27 node 6 send append to node 5 with term before lock7
 
2025/04/09 12:59:27 node 6 send append to node 5 with term 7
2025/04/09 12:59:27 node 6 try send append to node 5 with term 7
2025/04/09 12:59:27 node 6 try send append to node 4 with term 7
msg send
2025/04/09 12:59:27 node 6 try send append to node 0 with term 7
msg send
2025/04/09 12:59:27 node 6 try send append to node 1 with term 7
msg send
msg send
2025/04/09 12:59:27 node 5 recive append from node 6 , term : 7 
req recive
2025/04/09 12:59:27 node 1 recive append from node 6 , term : 7 
2025/04/09 12:59:27 node 6 send append to node 5 with term before lock7
 
2025/04/09 12:59:27 node 6 send append to node 5 with term 7
2025/04/09 12:59:27 node 0 recive append from node 6 , term : 7 
req recive
req recive
2025/04/09 12:59:27 node 6 send append to node 1 with term before lock7
 
2025/04/09 12:59:27 node 6 send append to node 1 with term 7
2025/04/09 12:59:27 node 4 recive append from node 6 , term : 7 
2025/04/09 12:59:27 node 6 send append to node 0 with term before lock7
 
2025/04/09 12:59:27 node 6 send append to node 0 with term 7
req recive
2025/04/09 12:59:27 node 6 send append to node 4 with term before lock7
 
2025/04/09 12:59:27 node 6 send append to node 4 with term 7
2025/04/09 12:59:28 node: 2 timeout
2025/04/09 12:59:28 node: 2 convert to candidate
2025/04/09 12:59:28 node: 2 run as candidate in term 8
2025/04/09 12:59:28 node: 2 read unlock in start election in term 8
2025/04/09 12:59:28 node: 2 send request vote to node  6 in term 8
2025/04/09 12:59:28 node: 2 send request vote to node  1 in term 8
msg send
msg send
2025/04/09 12:59:28 node: 2 send request vote to node  3 in term 8
2025/04/09 12:59:28 node: 6 convert to follower
req recive
2025/04/09 12:59:28 node: 6 run as follower in term 8
2025/04/09 12:59:28 node: 2 send request vote to node  0 in term 8
msg send
msg send
req recive
2025/04/09 12:59:28 node: 2 send request vote to node  4 in term 8
req recive
msg send
req recive
2025/04/09 12:59:28 node: 2 receive request vote reply from node  6 : VoteGranted : true , reply term : 8
2025/04/09 12:59:28 node: 2 get 2 vote 
2025/04/09 12:59:28 node: 2 receive request vote reply from node  3 : VoteGranted : true , reply term : 8
2025/04/09 12:59:28 node: 2 get 3 vote 
2025/04/09 12:59:28 node: 2 send request vote to node  5 in term 8
2025/04/09 12:59:28 node: 2 receive request vote reply from node  0 : VoteGranted : true , reply term : 8
2025/04/09 12:59:28 node: 2 get 4 vote 
2025/04/09 12:59:28 node: 2 convert to leader
msg send
2025/04/09 12:59:28 node: 2 run as leader in term 8
2025/04/09 12:59:28 node 2 start send heartbeats with term 8 
2025/04/09 12:59:28 node 2 try send append to node 6 with term 8
req recive
2025/04/09 12:59:28 node: 2 receive request vote reply from node  1 : VoteGranted : true , reply term : 8
2025/04/09 12:59:28 node 2 try send append to node 3 with term 8
msg send
req recive
msg send
2025/04/09 12:59:28 node: 2 receive request vote reply from node  4 : VoteGranted : true , reply term : 8
2025/04/09 12:59:28 node 2 try send append to node 0 with term 8
msg send
2025/04/09 12:59:28 node 3 recive append from node 2 , term : 8 
req recive
2025/04/09 12:59:28 node 6 recive append from node 2 , term : 8 
2025/04/09 12:59:28 node: 2 receive request vote reply from node  5 : VoteGranted : true , reply term : 8
req recive
2025/04/09 12:59:28 node 2 try send append to node 4 with term 8
2025/04/09 12:59:28 node 2 send append to node 3 with term before lock8
 
msg send
2025/04/09 12:59:28 node 2 send append to node 3 with term 8
2025/04/09 12:59:28 node 2 try send append to node 5 with term 8
2025/04/09 12:59:28 node 0 recive append from node 2 , term : 8 
2025/04/09 12:59:28 node 2 send append to node 6 with term before lock8
 
2025/04/09 12:59:28 node 2 send append to node 6 with term 8
msg send
req recive
2025/04/09 12:59:28 node 2 try send append to node 1 with term 8
2025/04/09 12:59:28 node 4 recive append from node 2 , term : 8 
msg send
req recive
2025/04/09 12:59:28 node 2 send append to node 0 with term before lock8
 
2025/04/09 12:59:28 node 2 send append to node 0 with term 8
2025/04/09 12:59:28 node 2 send append to node 4 with term before lock8
 
2025/04/09 12:59:28 node 5 recive append from node 2 , term : 8 
2025/04/09 12:59:28 node 2 send append to node 4 with term 8
req recive
2025/04/09 12:59:28 node 1 recive append from node 2 , term : 8 
req recive
2025/04/09 12:59:28 node 2 send append to node 5 with term before lock8
 
2025/04/09 12:59:28 node 2 send append to node 5 with term 8
2025/04/09 12:59:28 node 2 send append to node 1 with term before lock8
 
2025/04/09 12:59:28 node 2 send append to node 1 with term 8
  ... Passed --   5.5  7   292    0
PASS
ok  	6.5840/raft1	5.455s
