Test (3A): initial election (reliable network)...
2025/04/09 12:43:30 node: 0 run as follower in term 0
2025/04/09 12:43:30 node: 1 run as follower in term 0
2025/04/09 12:43:30 node: 2 run as follower in term 0
2025/04/09 12:43:31 node: 0 timeout
2025/04/09 12:43:31 node: 0 convert to candidate
2025/04/09 12:43:31 node: 0 run as candidate in term 1
2025/04/09 12:43:31 node: 0 read unlock in start election in term 1
2025/04/09 12:43:31 node: 0 send request vote to node  2 in term 1
2025/04/09 12:43:31 node: 0 receive request vote reply from node  2 : VoteGranted : true , reply term : 1
2025/04/09 12:43:31 node: 0 get 2 vote 
2025/04/09 12:43:31 node: 0 convert to leader
2025/04/09 12:43:31 node: 0 run as leader in term 1
2025/04/09 12:43:31 node 0 start send heartbeats with term 1 
2025/04/09 12:43:31 node 0 try send append to node 2 with term 1
2025/04/09 12:43:31 node 2 recive append from node 0 , term : 1 
2025/04/09 12:43:31 node 0 send append to node 2 with term before lock1
 
2025/04/09 12:43:31 node 0 send append to node 2 with term 1
2025/04/09 12:43:31 node 0 try send append to node 1 with term 1
2025/04/09 12:43:31 node 1 recive append from node 0 , term : 1 
2025/04/09 12:43:31 node 0 send append to node 1 with term before lock1
 
2025/04/09 12:43:31 node 0 send append to node 1 with term 1
2025/04/09 12:43:31  node 0 disconnect
2025/04/09 12:43:31 node 0 try send append to node 1 with term 1
2025/04/09 12:43:31 node: 1 timeout
2025/04/09 12:43:31 node: 1 convert to candidate
2025/04/09 12:43:31 node: 1 run as candidate in term 1
2025/04/09 12:43:31 node: 1 read unlock in start election in term 1
2025/04/09 12:43:31 node: 1 send request vote to node  2 in term 1
2025/04/09 12:43:31 node: 1 receive request vote reply from node  2 : VoteGranted : false , reply term : 1
2025/04/09 12:43:31 node: 1 send request vote to node  0 in term 1
2025/04/09 12:43:31 node: 2 timeout
2025/04/09 12:43:31 node: 2 convert to candidate
2025/04/09 12:43:31 node: 2 run as candidate in term 2
2025/04/09 12:43:31 node: 2 read unlock in start election in term 2
2025/04/09 12:43:31 node: 2 send request vote to node  1 in term 2
  ... Passed --   2.5  3     7    0
PASS
ok  	6.5840/raft1	2.546s
